<?xml version="1.0" encoding="UTF-8"?>
<!-- Generated by org.testng.reporters.JUnitReportReporter -->
<testsuite skipped="0" hostname="DESKTOP-OEJ4GCU" name="com.google.testingpages.TestFirstPage" tests="1" failures="0" timestamp="2020-12-23T16:28:39 IST" time="11.723" errors="0">
  <testcase name="logpage" time="11.723" classname="com.google.testingpages.TestFirstPage"/>
  <system-out/>
</testsuite> <!-- com.google.testingpages.TestFirstPage -->
