<?xml version="1.0" encoding="UTF-8"?>
<!-- Generated by org.testng.reporters.JUnitReportReporter -->
<testsuite skipped="0" hostname="DESKTOP-OEJ4GCU" name="com.MySchoolBot.testingpages.TestFirstPage" tests="1" failures="0" timestamp="2020-12-29T15:15:50 IST" time="23.823" errors="0">
  <testcase name="logpage" time="23.823" classname="com.MySchoolBot.testingpages.TestFirstPage"/>
  <system-out/>
</testsuite> <!-- com.MySchoolBot.testingpages.TestFirstPage -->
